  Computer.cpp
C:\Users\syys9\Desktop\Project10\Project10\Computer.h(23,17): error C2065: 'member': 선언되지 않은 식별자입니다.
C:\Users\syys9\Desktop\Project10\Project10\Computer.h(23,12): error C2923: 'std::list': 'member'은(는) '_Ty' 매개 변수에 대한 올바른 템플릿 형식 인수가 아닙니다.
C:\Users\syys9\Desktop\Project10\Project10\Computer.h(23,12): error C2976: 'std::list': 템플릿 인수가 너무 적습니다.
C:\Program Files (x86)\Microsoft Visual Studio\2019\Community\VC\Tools\MSVC\14.27.29110\include\list(759): message : 'std::list' 선언을 참조하십시오.
C:\Users\syys9\Desktop\Project10\Project10\Computer.h(23,26): error C2955: 'std::list': 클래스 템플릿을(를) 사용하려면 템플릿 인수 목록이 필요합니다.
C:\Program Files (x86)\Microsoft Visual Studio\2019\Community\VC\Tools\MSVC\14.27.29110\include\list(759): message : 'std::list' 선언을 참조하십시오.
C:\Users\syys9\Desktop\Project10\Project10\Computer.h(26,17): error C2065: 'member': 선언되지 않은 식별자입니다.
C:\Users\syys9\Desktop\Project10\Project10\Computer.h(26,12): error C2923: 'std::list': 'member'은(는) '_Ty' 매개 변수에 대한 올바른 템플릿 형식 인수가 아닙니다.
C:\Users\syys9\Desktop\Project10\Project10\Computer.h(26,12): error C2976: 'std::list': 템플릿 인수가 너무 적습니다.
C:\Program Files (x86)\Microsoft Visual Studio\2019\Community\VC\Tools\MSVC\14.27.29110\include\list(759): message : 'std::list' 선언을 참조하십시오.
C:\Users\syys9\Desktop\Project10\Project10\Computer.h(26,26): error C2955: 'std::list': 클래스 템플릿을(를) 사용하려면 템플릿 인수 목록이 필요합니다.
C:\Program Files (x86)\Microsoft Visual Studio\2019\Community\VC\Tools\MSVC\14.27.29110\include\list(759): message : 'std::list' 선언을 참조하십시오.
C:\Users\syys9\Desktop\Project10\Project10\Computer.h(27,24): error C2065: 'member': 선언되지 않은 식별자입니다.
C:\Users\syys9\Desktop\Project10\Project10\Computer.h(27,19): error C2923: 'std::list': 'member'은(는) '_Ty' 매개 변수에 대한 올바른 템플릿 형식 인수가 아닙니다.
C:\Users\syys9\Desktop\Project10\Project10\Computer.h(27,19): error C2976: 'std::list': 템플릿 인수가 너무 적습니다.
C:\Program Files (x86)\Microsoft Visual Studio\2019\Community\VC\Tools\MSVC\14.27.29110\include\list(759): message : 'std::list' 선언을 참조하십시오.
C:\Users\syys9\Desktop\Project10\Project10\Computer.h(27,33): error C2955: 'std::list': 클래스 템플릿을(를) 사용하려면 템플릿 인수 목록이 필요합니다.
C:\Program Files (x86)\Microsoft Visual Studio\2019\Community\VC\Tools\MSVC\14.27.29110\include\list(759): message : 'std::list' 선언을 참조하십시오.
C:\Users\syys9\Desktop\Project10\Project10\Computer.cpp(11,26): error C2065: 'member': 선언되지 않은 식별자입니다.
C:\Users\syys9\Desktop\Project10\Project10\Computer.cpp(11,21): error C2923: 'std::list': 'member'은(는) '_Ty' 매개 변수에 대한 올바른 템플릿 형식 인수가 아닙니다.
C:\Users\syys9\Desktop\Project10\Project10\Computer.cpp(11,21): error C2976: 'std::list': 템플릿 인수가 너무 적습니다.
C:\Program Files (x86)\Microsoft Visual Studio\2019\Community\VC\Tools\MSVC\14.27.29110\include\list(759): message : 'std::list' 선언을 참조하십시오.
C:\Users\syys9\Desktop\Project10\Project10\Computer.cpp(11,35): error C2955: 'std::list': 클래스 템플릿을(를) 사용하려면 템플릿 인수 목록이 필요합니다.
C:\Program Files (x86)\Microsoft Visual Studio\2019\Community\VC\Tools\MSVC\14.27.29110\include\list(759): message : 'std::list' 선언을 참조하십시오.
C:\Users\syys9\Desktop\Project10\Project10\Computer.cpp(37,4): error C2670: 'Computer::Info': 함수 템플릿이 1번째 매개 변수를 'std::_List_iterator<std::_List_val<conditional<std::_Is_simple_alloc_v<allocator_traits<_Alloc>::rebind_alloc<std::_List_node<_Ty,allocator_traits<_Alloc>::void_pointer>>>,std::_List_simple_types<_Ty>,std::_List_iter_types<_Ty,allocator_traits<allocator_traits<_Alloc>::rebind_alloc<_Ty>>::size_type,allocator_traits<allocator_traits<_Alloc>::rebind_alloc<_Ty>>::difference_type,allocator_traits<allocator_traits<_Alloc>::rebind_alloc<_Ty>>::pointer,allocator_traits<allocator_traits<_Alloc>::rebind_alloc<_Ty>>::const_pointer,_Ty&,const _Ty&,allocator_traits<allocator_traits<_Alloc>::rebind_alloc<std::_List_node<_Ty,allocator_traits<_Alloc>::void_pointer>>>::pointer>>::type>>' 형식으로부터 변환할 수 없습니다.
C:\Users\syys9\Desktop\Project10\Project10\Computer.cpp(40,4): error C2670: 'Computer::SettingMenu': 함수 템플릿이 1번째 매개 변수를 'std::_List_iterator<std::_List_val<conditional<std::_Is_simple_alloc_v<allocator_traits<_Alloc>::rebind_alloc<std::_List_node<_Ty,allocator_traits<_Alloc>::void_pointer>>>,std::_List_simple_types<_Ty>,std::_List_iter_types<_Ty,allocator_traits<allocator_traits<_Alloc>::rebind_alloc<_Ty>>::size_type,allocator_traits<allocator_traits<_Alloc>::rebind_alloc<_Ty>>::difference_type,allocator_traits<allocator_traits<_Alloc>::rebind_alloc<_Ty>>::pointer,allocator_traits<allocator_traits<_Alloc>::rebind_alloc<_Ty>>::const_pointer,_Ty&,const _Ty&,allocator_traits<allocator_traits<_Alloc>::rebind_alloc<std::_List_node<_Ty,allocator_traits<_Alloc>::void_pointer>>>::pointer>>::type>>' 형식으로부터 변환할 수 없습니다.
C:\Users\syys9\Desktop\Project10\Project10\Computer.cpp(92,26): error C2065: 'member': 선언되지 않은 식별자입니다.
C:\Users\syys9\Desktop\Project10\Project10\Computer.cpp(92,21): error C2923: 'std::list': 'member'은(는) '_Ty' 매개 변수에 대한 올바른 템플릿 형식 인수가 아닙니다.
C:\Users\syys9\Desktop\Project10\Project10\Computer.cpp(92,21): error C2976: 'std::list': 템플릿 인수가 너무 적습니다.
C:\Program Files (x86)\Microsoft Visual Studio\2019\Community\VC\Tools\MSVC\14.27.29110\include\list(759): message : 'std::list' 선언을 참조하십시오.
C:\Users\syys9\Desktop\Project10\Project10\Computer.cpp(92,35): error C2955: 'std::list': 클래스 템플릿을(를) 사용하려면 템플릿 인수 목록이 필요합니다.
C:\Program Files (x86)\Microsoft Visual Studio\2019\Community\VC\Tools\MSVC\14.27.29110\include\list(759): message : 'std::list' 선언을 참조하십시오.
C:\Users\syys9\Desktop\Project10\Project10\Computer.cpp(96,24): error C2678: 이항 '->': 왼쪽 피연산자로 'std::_List_iterator<std::_List_val<conditional<std::_Is_simple_alloc_v<allocator_traits<_Alloc>::rebind_alloc<std::_List_node<_Ty,allocator_traits<_Alloc>::void_pointer>>>,std::_List_simple_types<_Ty>,std::_List_iter_types<_Ty,allocator_traits<allocator_traits<_Alloc>::rebind_alloc<_Ty>>::size_type,allocator_traits<allocator_traits<_Alloc>::rebind_alloc<_Ty>>::difference_type,allocator_traits<allocator_traits<_Alloc>::rebind_alloc<_Ty>>::pointer,allocator_traits<allocator_traits<_Alloc>::rebind_alloc<_Ty>>::const_pointer,_Ty&,const _Ty&,allocator_traits<allocator_traits<_Alloc>::rebind_alloc<std::_List_node<_Ty,allocator_traits<_Alloc>::void_pointer>>>::pointer>>::type>>' 형식을 사용하는 연산자가 없거나 허용되는 변환이 없습니다.
C:\Program Files (x86)\Microsoft Visual Studio\2019\Community\VC\Tools\MSVC\14.27.29110\include\list(242,24): message : '_Mylist::pointer std::_List_iterator<_Mylist>::operator ->(void) const'일 수 있습니다.
C:\Users\syys9\Desktop\Project10\Project10\Computer.cpp(96,24): message : 인수 목록 '(std::_List_iterator<std::_List_val<conditional<std::_Is_simple_alloc_v<allocator_traits<_Alloc>::rebind_alloc<std::_List_node<_Ty,allocator_traits<_Alloc>::void_pointer>>>,std::_List_simple_types<_Ty>,std::_List_iter_types<_Ty,allocator_traits<allocator_traits<_Alloc>::rebind_alloc<_Ty>>::size_type,allocator_traits<allocator_traits<_Alloc>::rebind_alloc<_Ty>>::difference_type,allocator_traits<allocator_traits<_Alloc>::rebind_alloc<_Ty>>::pointer,allocator_traits<allocator_traits<_Alloc>::rebind_alloc<_Ty>>::const_pointer,_Ty&,const _Ty&,allocator_traits<allocator_traits<_Alloc>::rebind_alloc<std::_List_node<_Ty,allocator_traits<_Alloc>::void_pointer>>>::pointer>>::type>>)'을(를) 일치시키는 동안
C:\Users\syys9\Desktop\Project10\Project10\Computer.cpp(96,55): error C2678: 이항 '->': 왼쪽 피연산자로 'std::_List_iterator<std::_List_val<conditional<std::_Is_simple_alloc_v<allocator_traits<_Alloc>::rebind_alloc<std::_List_node<_Ty,allocator_traits<_Alloc>::void_pointer>>>,std::_List_simple_types<_Ty>,std::_List_iter_types<_Ty,allocator_traits<allocator_traits<_Alloc>::rebind_alloc<_Ty>>::size_type,allocator_traits<allocator_traits<_Alloc>::rebind_alloc<_Ty>>::difference_type,allocator_traits<allocator_traits<_Alloc>::rebind_alloc<_Ty>>::pointer,allocator_traits<allocator_traits<_Alloc>::rebind_alloc<_Ty>>::const_pointer,_Ty&,const _Ty&,allocator_traits<allocator_traits<_Alloc>::rebind_alloc<std::_List_node<_Ty,allocator_traits<_Alloc>::void_pointer>>>::pointer>>::type>>' 형식을 사용하는 연산자가 없거나 허용되는 변환이 없습니다.
C:\Program Files (x86)\Microsoft Visual Studio\2019\Community\VC\Tools\MSVC\14.27.29110\include\list(242,24): message : '_Mylist::pointer std::_List_iterator<_Mylist>::operator ->(void) const'일 수 있습니다.
C:\Users\syys9\Desktop\Project10\Project10\Computer.cpp(96,55): message : 인수 목록 '(std::_List_iterator<std::_List_val<conditional<std::_Is_simple_alloc_v<allocator_traits<_Alloc>::rebind_alloc<std::_List_node<_Ty,allocator_traits<_Alloc>::void_pointer>>>,std::_List_simple_types<_Ty>,std::_List_iter_types<_Ty,allocator_traits<allocator_traits<_Alloc>::rebind_alloc<_Ty>>::size_type,allocator_traits<allocator_traits<_Alloc>::rebind_alloc<_Ty>>::difference_type,allocator_traits<allocator_traits<_Alloc>::rebind_alloc<_Ty>>::pointer,allocator_traits<allocator_traits<_Alloc>::rebind_alloc<_Ty>>::const_pointer,_Ty&,const _Ty&,allocator_traits<allocator_traits<_Alloc>::rebind_alloc<std::_List_node<_Ty,allocator_traits<_Alloc>::void_pointer>>>::pointer>>::type>>)'을(를) 일치시키는 동안
C:\Users\syys9\Desktop\Project10\Project10\Computer.cpp(97,28): error C2678: 이항 '->': 왼쪽 피연산자로 'std::_List_iterator<std::_List_val<conditional<std::_Is_simple_alloc_v<allocator_traits<_Alloc>::rebind_alloc<std::_List_node<_Ty,allocator_traits<_Alloc>::void_pointer>>>,std::_List_simple_types<_Ty>,std::_List_iter_types<_Ty,allocator_traits<allocator_traits<_Alloc>::rebind_alloc<_Ty>>::size_type,allocator_traits<allocator_traits<_Alloc>::rebind_alloc<_Ty>>::difference_type,allocator_traits<allocator_traits<_Alloc>::rebind_alloc<_Ty>>::pointer,allocator_traits<allocator_traits<_Alloc>::rebind_alloc<_Ty>>::const_pointer,_Ty&,const _Ty&,allocator_traits<allocator_traits<_Alloc>::rebind_alloc<std::_List_node<_Ty,allocator_traits<_Alloc>::void_pointer>>>::pointer>>::type>>' 형식을 사용하는 연산자가 없거나 허용되는 변환이 없습니다.
C:\Program Files (x86)\Microsoft Visual Studio\2019\Community\VC\Tools\MSVC\14.27.29110\include\list(242,24): message : '_Mylist::pointer std::_List_iterator<_Mylist>::operator ->(void) const'일 수 있습니다.
C:\Users\syys9\Desktop\Project10\Project10\Computer.cpp(97,28): message : 인수 목록 '(std::_List_iterator<std::_List_val<conditional<std::_Is_simple_alloc_v<allocator_traits<_Alloc>::rebind_alloc<std::_List_node<_Ty,allocator_traits<_Alloc>::void_pointer>>>,std::_List_simple_types<_Ty>,std::_List_iter_types<_Ty,allocator_traits<allocator_traits<_Alloc>::rebind_alloc<_Ty>>::size_type,allocator_traits<allocator_traits<_Alloc>::rebind_alloc<_Ty>>::difference_type,allocator_traits<allocator_traits<_Alloc>::rebind_alloc<_Ty>>::pointer,allocator_traits<allocator_traits<_Alloc>::rebind_alloc<_Ty>>::const_pointer,_Ty&,const _Ty&,allocator_traits<allocator_traits<_Alloc>::rebind_alloc<std::_List_node<_Ty,allocator_traits<_Alloc>::void_pointer>>>::pointer>>::type>>)'을(를) 일치시키는 동안
C:\Users\syys9\Desktop\Project10\Project10\Computer.cpp(97,67): error C2678: 이항 '->': 왼쪽 피연산자로 'std::_List_iterator<std::_List_val<conditional<std::_Is_simple_alloc_v<allocator_traits<_Alloc>::rebind_alloc<std::_List_node<_Ty,allocator_traits<_Alloc>::void_pointer>>>,std::_List_simple_types<_Ty>,std::_List_iter_types<_Ty,allocator_traits<allocator_traits<_Alloc>::rebind_alloc<_Ty>>::size_type,allocator_traits<allocator_traits<_Alloc>::rebind_alloc<_Ty>>::difference_type,allocator_traits<allocator_traits<_Alloc>::rebind_alloc<_Ty>>::pointer,allocator_traits<allocator_traits<_Alloc>::rebind_alloc<_Ty>>::const_pointer,_Ty&,const _Ty&,allocator_traits<allocator_traits<_Alloc>::rebind_alloc<std::_List_node<_Ty,allocator_traits<_Alloc>::void_pointer>>>::pointer>>::type>>' 형식을 사용하는 연산자가 없거나 허용되는 변환이 없습니다.
C:\Program Files (x86)\Microsoft Visual Studio\2019\Community\VC\Tools\MSVC\14.27.29110\include\list(242,24): message : '_Mylist::pointer std::_List_iterator<_Mylist>::operator ->(void) const'일 수 있습니다.
C:\Users\syys9\Desktop\Project10\Project10\Computer.cpp(97,67): message : 인수 목록 '(std::_List_iterator<std::_List_val<conditional<std::_Is_simple_alloc_v<allocator_traits<_Alloc>::rebind_alloc<std::_List_node<_Ty,allocator_traits<_Alloc>::void_pointer>>>,std::_List_simple_types<_Ty>,std::_List_iter_types<_Ty,allocator_traits<allocator_traits<_Alloc>::rebind_alloc<_Ty>>::size_type,allocator_traits<allocator_traits<_Alloc>::rebind_alloc<_Ty>>::difference_type,allocator_traits<allocator_traits<_Alloc>::rebind_alloc<_Ty>>::pointer,allocator_traits<allocator_traits<_Alloc>::rebind_alloc<_Ty>>::const_pointer,_Ty&,const _Ty&,allocator_traits<allocator_traits<_Alloc>::rebind_alloc<std::_List_node<_Ty,allocator_traits<_Alloc>::void_pointer>>>::pointer>>::type>>)'을(를) 일치시키는 동안
C:\Users\syys9\Desktop\Project10\Project10\Computer.cpp(98,34): error C2678: 이항 '->': 왼쪽 피연산자로 'std::_List_iterator<std::_List_val<conditional<std::_Is_simple_alloc_v<allocator_traits<_Alloc>::rebind_alloc<std::_List_node<_Ty,allocator_traits<_Alloc>::void_pointer>>>,std::_List_simple_types<_Ty>,std::_List_iter_types<_Ty,allocator_traits<allocator_traits<_Alloc>::rebind_alloc<_Ty>>::size_type,allocator_traits<allocator_traits<_Alloc>::rebind_alloc<_Ty>>::difference_type,allocator_traits<allocator_traits<_Alloc>::rebind_alloc<_Ty>>::pointer,allocator_traits<allocator_traits<_Alloc>::rebind_alloc<_Ty>>::const_pointer,_Ty&,const _Ty&,allocator_traits<allocator_traits<_Alloc>::rebind_alloc<std::_List_node<_Ty,allocator_traits<_Alloc>::void_pointer>>>::pointer>>::type>>' 형식을 사용하는 연산자가 없거나 허용되는 변환이 없습니다.
C:\Program Files (x86)\Microsoft Visual Studio\2019\Community\VC\Tools\MSVC\14.27.29110\include\list(242,24): message : '_Mylist::pointer std::_List_iterator<_Mylist>::operator ->(void) const'일 수 있습니다.
C:\Users\syys9\Desktop\Project10\Project10\Computer.cpp(98,34): message : 인수 목록 '(std::_List_iterator<std::_List_val<conditional<std::_Is_simple_alloc_v<allocator_traits<_Alloc>::rebind_alloc<std::_List_node<_Ty,allocator_traits<_Alloc>::void_pointer>>>,std::_List_simple_types<_Ty>,std::_List_iter_types<_Ty,allocator_traits<allocator_traits<_Alloc>::rebind_alloc<_Ty>>::size_type,allocator_traits<allocator_traits<_Alloc>::rebind_alloc<_Ty>>::difference_type,allocator_traits<allocator_traits<_Alloc>::rebind_alloc<_Ty>>::pointer,allocator_traits<allocator_traits<_Alloc>::rebind_alloc<_Ty>>::const_pointer,_Ty&,const _Ty&,allocator_traits<allocator_traits<_Alloc>::rebind_alloc<std::_List_node<_Ty,allocator_traits<_Alloc>::void_pointer>>>::pointer>>::type>>)'을(를) 일치시키는 동안
C:\Users\syys9\Desktop\Project10\Project10\Computer.cpp(100,33): error C2065: 'member': 선언되지 않은 식별자입니다.
C:\Users\syys9\Desktop\Project10\Project10\Computer.cpp(100,28): error C2923: 'std::list': 'member'은(는) '_Ty' 매개 변수에 대한 올바른 템플릿 형식 인수가 아닙니다.
C:\Users\syys9\Desktop\Project10\Project10\Computer.cpp(100,28): error C2976: 'std::list': 템플릿 인수가 너무 적습니다.
C:\Program Files (x86)\Microsoft Visual Studio\2019\Community\VC\Tools\MSVC\14.27.29110\include\list(759): message : 'std::list' 선언을 참조하십시오.
C:\Users\syys9\Desktop\Project10\Project10\Computer.cpp(100,42): error C2955: 'std::list': 클래스 템플릿을(를) 사용하려면 템플릿 인수 목록이 필요합니다.
C:\Program Files (x86)\Microsoft Visual Studio\2019\Community\VC\Tools\MSVC\14.27.29110\include\list(759): message : 'std::list' 선언을 참조하십시오.
C:\Users\syys9\Desktop\Project10\Project10\Computer.cpp(103,2): error C2065: 'member': 선언되지 않은 식별자입니다.
C:\Users\syys9\Desktop\Project10\Project10\Computer.cpp(103,9): error C2146: 구문 오류: ';'이(가) 'tmp' 식별자 앞에 없습니다.
C:\Users\syys9\Desktop\Project10\Project10\Computer.cpp(103,9): error C2065: 'tmp': 선언되지 않은 식별자입니다.
C:\Users\syys9\Desktop\Project10\Project10\Computer.cpp(106,3): error C2670: 'Computer::Info': 함수 템플릿이 1번째 매개 변수를 'std::_List_iterator<std::_List_val<conditional<std::_Is_simple_alloc_v<allocator_traits<_Alloc>::rebind_alloc<std::_List_node<_Ty,allocator_traits<_Alloc>::void_pointer>>>,std::_List_simple_types<_Ty>,std::_List_iter_types<_Ty,allocator_traits<allocator_traits<_Alloc>::rebind_alloc<_Ty>>::size_type,allocator_traits<allocator_traits<_Alloc>::rebind_alloc<_Ty>>::difference_type,allocator_traits<allocator_traits<_Alloc>::rebind_alloc<_Ty>>::pointer,allocator_traits<allocator_traits<_Alloc>::rebind_alloc<_Ty>>::const_pointer,_Ty&,const _Ty&,allocator_traits<allocator_traits<_Alloc>::rebind_alloc<std::_List_node<_Ty,allocator_traits<_Alloc>::void_pointer>>>::pointer>>::type>>' 형식으로부터 변환할 수 없습니다.
C:\Users\syys9\Desktop\Project10\Project10\Computer.cpp(117,40): error C2678: 이항 '->': 왼쪽 피연산자로 'std::_List_iterator<std::_List_val<conditional<std::_Is_simple_alloc_v<allocator_traits<_Alloc>::rebind_alloc<std::_List_node<_Ty,allocator_traits<_Alloc>::void_pointer>>>,std::_List_simple_types<_Ty>,std::_List_iter_types<_Ty,allocator_traits<allocator_traits<_Alloc>::rebind_alloc<_Ty>>::size_type,allocator_traits<allocator_traits<_Alloc>::rebind_alloc<_Ty>>::difference_type,allocator_traits<allocator_traits<_Alloc>::rebind_alloc<_Ty>>::pointer,allocator_traits<allocator_traits<_Alloc>::rebind_alloc<_Ty>>::const_pointer,_Ty&,const _Ty&,allocator_traits<allocator_traits<_Alloc>::rebind_alloc<std::_List_node<_Ty,allocator_traits<_Alloc>::void_pointer>>>::pointer>>::type>>' 형식을 사용하는 연산자가 없거나 허용되는 변환이 없습니다.
C:\Program Files (x86)\Microsoft Visual Studio\2019\Community\VC\Tools\MSVC\14.27.29110\include\list(242,24): message : '_Mylist::pointer std::_List_iterator<_Mylist>::operator ->(void) const'일 수 있습니다.
C:\Users\syys9\Desktop\Project10\Project10\Computer.cpp(117,40): message : 인수 목록 '(std::_List_iterator<std::_List_val<conditional<std::_Is_simple_alloc_v<allocator_traits<_Alloc>::rebind_alloc<std::_List_node<_Ty,allocator_traits<_Alloc>::void_pointer>>>,std::_List_simple_types<_Ty>,std::_List_iter_types<_Ty,allocator_traits<allocator_traits<_Alloc>::rebind_alloc<_Ty>>::size_type,allocator_traits<allocator_traits<_Alloc>::rebind_alloc<_Ty>>::difference_type,allocator_traits<allocator_traits<_Alloc>::rebind_alloc<_Ty>>::pointer,allocator_traits<allocator_traits<_Alloc>::rebind_alloc<_Ty>>::const_pointer,_Ty&,const _Ty&,allocator_traits<allocator_traits<_Alloc>::rebind_alloc<std::_List_node<_Ty,allocator_traits<_Alloc>::void_pointer>>>::pointer>>::type>>)'을(를) 일치시키는 동안
C:\Users\syys9\Desktop\Project10\Project10\Computer.cpp(119,11): error C2065: 'tmp': 선언되지 않은 식별자입니다.
C:\Users\syys9\Desktop\Project10\Project10\Computer.cpp(120,22): error C2678: 이항 '->': 왼쪽 피연산자로 'std::_List_iterator<std::_List_val<conditional<std::_Is_simple_alloc_v<allocator_traits<_Alloc>::rebind_alloc<std::_List_node<_Ty,allocator_traits<_Alloc>::void_pointer>>>,std::_List_simple_types<_Ty>,std::_List_iter_types<_Ty,allocator_traits<allocator_traits<_Alloc>::rebind_alloc<_Ty>>::size_type,allocator_traits<allocator_traits<_Alloc>::rebind_alloc<_Ty>>::difference_type,allocator_traits<allocator_traits<_Alloc>::rebind_alloc<_Ty>>::pointer,allocator_traits<allocator_traits<_Alloc>::rebind_alloc<_Ty>>::const_pointer,_Ty&,const _Ty&,allocator_traits<allocator_traits<_Alloc>::rebind_alloc<std::_List_node<_Ty,allocator_traits<_Alloc>::void_pointer>>>::pointer>>::type>>' 형식을 사용하는 연산자가 없거나 허용되는 변환이 없습니다.
C:\Program Files (x86)\Microsoft Visual Studio\2019\Community\VC\Tools\MSVC\14.27.29110\include\list(242,24): message : '_Mylist::pointer std::_List_iterator<_Mylist>::operator ->(void) const'일 수 있습니다.
C:\Users\syys9\Desktop\Project10\Project10\Computer.cpp(120,22): message : 인수 목록 '(std::_List_iterator<std::_List_val<conditional<std::_Is_simple_alloc_v<allocator_traits<_Alloc>::rebind_alloc<std::_List_node<_Ty,allocator_traits<_Alloc>::void_pointer>>>,std::_List_simple_types<_Ty>,std::_List_iter_types<_Ty,allocator_traits<allocator_traits<_Alloc>::rebind_alloc<_Ty>>::size_type,allocator_traits<allocator_traits<_Alloc>::rebind_alloc<_Ty>>::difference_type,allocator_traits<allocator_traits<_Alloc>::rebind_alloc<_Ty>>::pointer,allocator_traits<allocator_traits<_Alloc>::rebind_alloc<_Ty>>::const_pointer,_Ty&,const _Ty&,allocator_traits<allocator_traits<_Alloc>::rebind_alloc<std::_List_node<_Ty,allocator_traits<_Alloc>::void_pointer>>>::pointer>>::type>>)'을(를) 일치시키는 동안
C:\Users\syys9\Desktop\Project10\Project10\Computer.cpp(120,46): error C2065: 'tmp': 선언되지 않은 식별자입니다.
C:\Users\syys9\Desktop\Project10\Project10\Computer.cpp(121,8): error C2678: 이항 '->': 왼쪽 피연산자로 'std::_List_iterator<std::_List_val<conditional<std::_Is_simple_alloc_v<allocator_traits<_Alloc>::rebind_alloc<std::_List_node<_Ty,allocator_traits<_Alloc>::void_pointer>>>,std::_List_simple_types<_Ty>,std::_List_iter_types<_Ty,allocator_traits<allocator_traits<_Alloc>::rebind_alloc<_Ty>>::size_type,allocator_traits<allocator_traits<_Alloc>::rebind_alloc<_Ty>>::difference_type,allocator_traits<allocator_traits<_Alloc>::rebind_alloc<_Ty>>::pointer,allocator_traits<allocator_traits<_Alloc>::rebind_alloc<_Ty>>::const_pointer,_Ty&,const _Ty&,allocator_traits<allocator_traits<_Alloc>::rebind_alloc<std::_List_node<_Ty,allocator_traits<_Alloc>::void_pointer>>>::pointer>>::type>>' 형식을 사용하는 연산자가 없거나 허용되는 변환이 없습니다.
C:\Program Files (x86)\Microsoft Visual Studio\2019\Community\VC\Tools\MSVC\14.27.29110\include\list(242,24): message : '_Mylist::pointer std::_List_iterator<_Mylist>::operator ->(void) const'일 수 있습니다.
C:\Users\syys9\Desktop\Project10\Project10\Computer.cpp(121,8): message : 인수 목록 '(std::_List_iterator<std::_List_val<conditional<std::_Is_simple_alloc_v<allocator_traits<_Alloc>::rebind_alloc<std::_List_node<_Ty,allocator_traits<_Alloc>::void_pointer>>>,std::_List_simple_types<_Ty>,std::_List_iter_types<_Ty,allocator_traits<allocator_traits<_Alloc>::rebind_alloc<_Ty>>::size_type,allocator_traits<allocator_traits<_Alloc>::rebind_alloc<_Ty>>::difference_type,allocator_traits<allocator_traits<_Alloc>::rebind_alloc<_Ty>>::pointer,allocator_traits<allocator_traits<_Alloc>::rebind_alloc<_Ty>>::const_pointer,_Ty&,const _Ty&,allocator_traits<allocator_traits<_Alloc>::rebind_alloc<std::_List_node<_Ty,allocator_traits<_Alloc>::void_pointer>>>::pointer>>::type>>)'을(를) 일치시키는 동안
C:\Users\syys9\Desktop\Project10\Project10\Computer.cpp(121,21): error C2065: 'tmp': 선언되지 않은 식별자입니다.
C:\Users\syys9\Desktop\Project10\Project10\Computer.cpp(125,37): error C2678: 이항 '->': 왼쪽 피연산자로 'std::_List_iterator<std::_List_val<conditional<std::_Is_simple_alloc_v<allocator_traits<_Alloc>::rebind_alloc<std::_List_node<_Ty,allocator_traits<_Alloc>::void_pointer>>>,std::_List_simple_types<_Ty>,std::_List_iter_types<_Ty,allocator_traits<allocator_traits<_Alloc>::rebind_alloc<_Ty>>::size_type,allocator_traits<allocator_traits<_Alloc>::rebind_alloc<_Ty>>::difference_type,allocator_traits<allocator_traits<_Alloc>::rebind_alloc<_Ty>>::pointer,allocator_traits<allocator_traits<_Alloc>::rebind_alloc<_Ty>>::const_pointer,_Ty&,const _Ty&,allocator_traits<allocator_traits<_Alloc>::rebind_alloc<std::_List_node<_Ty,allocator_traits<_Alloc>::void_pointer>>>::pointer>>::type>>' 형식을 사용하는 연산자가 없거나 허용되는 변환이 없습니다.
C:\Program Files (x86)\Microsoft Visual Studio\2019\Community\VC\Tools\MSVC\14.27.29110\include\list(242,24): message : '_Mylist::pointer std::_List_iterator<_Mylist>::operator ->(void) const'일 수 있습니다.
C:\Users\syys9\Desktop\Project10\Project10\Computer.cpp(125,37): message : 인수 목록 '(std::_List_iterator<std::_List_val<conditional<std::_Is_simple_alloc_v<allocator_traits<_Alloc>::rebind_alloc<std::_List_node<_Ty,allocator_traits<_Alloc>::void_pointer>>>,std::_List_simple_types<_Ty>,std::_List_iter_types<_Ty,allocator_traits<allocator_traits<_Alloc>::rebind_alloc<_Ty>>::size_type,allocator_traits<allocator_traits<_Alloc>::rebind_alloc<_Ty>>::difference_type,allocator_traits<allocator_traits<_Alloc>::rebind_alloc<_Ty>>::pointer,allocator_traits<allocator_traits<_Alloc>::rebind_alloc<_Ty>>::const_pointer,_Ty&,const _Ty&,allocator_traits<allocator_traits<_Alloc>::rebind_alloc<std::_List_node<_Ty,allocator_traits<_Alloc>::void_pointer>>>::pointer>>::type>>)'을(를) 일치시키는 동안
C:\Users\syys9\Desktop\Project10\Project10\Computer.cpp(127,11): error C2065: 'tmp': 선언되지 않은 식별자입니다.
C:\Users\syys9\Desktop\Project10\Project10\Computer.cpp(128,22): error C2678: 이항 '->': 왼쪽 피연산자로 'std::_List_iterator<std::_List_val<conditional<std::_Is_simple_alloc_v<allocator_traits<_Alloc>::rebind_alloc<std::_List_node<_Ty,allocator_traits<_Alloc>::void_pointer>>>,std::_List_simple_types<_Ty>,std::_List_iter_types<_Ty,allocator_traits<allocator_traits<_Alloc>::rebind_alloc<_Ty>>::size_type,allocator_traits<allocator_traits<_Alloc>::rebind_alloc<_Ty>>::difference_type,allocator_traits<allocator_traits<_Alloc>::rebind_alloc<_Ty>>::pointer,allocator_traits<allocator_traits<_Alloc>::rebind_alloc<_Ty>>::const_pointer,_Ty&,const _Ty&,allocator_traits<allocator_traits<_Alloc>::rebind_alloc<std::_List_node<_Ty,allocator_traits<_Alloc>::void_pointer>>>::pointer>>::type>>' 형식을 사용하는 연산자가 없거나 허용되는 변환이 없습니다.
C:\Program Files (x86)\Microsoft Visual Studio\2019\Community\VC\Tools\MSVC\14.27.29110\include\list(242,24): message : '_Mylist::pointer std::_List_iterator<_Mylist>::operator ->(void) const'일 수 있습니다.
C:\Users\syys9\Desktop\Project10\Project10\Computer.cpp(128,22): message : 인수 목록 '(std::_List_iterator<std::_List_val<conditional<std::_Is_simple_alloc_v<allocator_traits<_Alloc>::rebind_alloc<std::_List_node<_Ty,allocator_traits<_Alloc>::void_pointer>>>,std::_List_simple_types<_Ty>,std::_List_iter_types<_Ty,allocator_traits<allocator_traits<_Alloc>::rebind_alloc<_Ty>>::size_type,allocator_traits<allocator_traits<_Alloc>::rebind_alloc<_Ty>>::difference_type,allocator_traits<allocator_traits<_Alloc>::rebind_alloc<_Ty>>::pointer,allocator_traits<allocator_traits<_Alloc>::rebind_alloc<_Ty>>::const_pointer,_Ty&,const _Ty&,allocator_traits<allocator_traits<_Alloc>::rebind_alloc<std::_List_node<_Ty,allocator_traits<_Alloc>::void_pointer>>>::pointer>>::type>>)'을(를) 일치시키는 동안
C:\Users\syys9\Desktop\Project10\Project10\Computer.cpp(128,41): error C2065: 'tmp': 선언되지 않은 식별자입니다.
C:\Users\syys9\Desktop\Project10\Project10\Computer.cpp(129,8): error C2678: 이항 '->': 왼쪽 피연산자로 'std::_List_iterator<std::_List_val<conditional<std::_Is_simple_alloc_v<allocator_traits<_Alloc>::rebind_alloc<std::_List_node<_Ty,allocator_traits<_Alloc>::void_pointer>>>,std::_List_simple_types<_Ty>,std::_List_iter_types<_Ty,allocator_traits<allocator_traits<_Alloc>::rebind_alloc<_Ty>>::size_type,allocator_traits<allocator_traits<_Alloc>::rebind_alloc<_Ty>>::difference_type,allocator_traits<allocator_traits<_Alloc>::rebind_alloc<_Ty>>::pointer,allocator_traits<allocator_traits<_Alloc>::rebind_alloc<_Ty>>::const_pointer,_Ty&,const _Ty&,allocator_traits<allocator_traits<_Alloc>::rebind_alloc<std::_List_node<_Ty,allocator_traits<_Alloc>::void_pointer>>>::pointer>>::type>>' 형식을 사용하는 연산자가 없거나 허용되는 변환이 없습니다.
C:\Program Files (x86)\Microsoft Visual Studio\2019\Community\VC\Tools\MSVC\14.27.29110\include\list(242,24): message : '_Mylist::pointer std::_List_iterator<_Mylist>::operator ->(void) const'일 수 있습니다.
C:\Users\syys9\Desktop\Project10\Project10\Computer.cpp(129,8): message : 인수 목록 '(std::_List_iterator<std::_List_val<conditional<std::_Is_simple_alloc_v<allocator_traits<_Alloc>::rebind_alloc<std::_List_node<_Ty,allocator_traits<_Alloc>::void_pointer>>>,std::_List_simple_types<_Ty>,std::_List_iter_types<_Ty,allocator_traits<allocator_traits<_Alloc>::rebind_alloc<_Ty>>::size_type,allocator_traits<allocator_traits<_Alloc>::rebind_alloc<_Ty>>::difference_type,allocator_traits<allocator_traits<_Alloc>::rebind_alloc<_Ty>>::pointer,allocator_traits<allocator_traits<_Alloc>::rebind_alloc<_Ty>>::const_pointer,_Ty&,const _Ty&,allocator_traits<allocator_traits<_Alloc>::rebind_alloc<std::_List_node<_Ty,allocator_traits<_Alloc>::void_pointer>>>::pointer>>::type>>)'을(를) 일치시키는 동안
C:\Users\syys9\Desktop\Project10\Project10\Computer.cpp(129,16): error C2065: 'tmp': 선언되지 않은 식별자입니다.
C:\Users\syys9\Desktop\Project10\Project10\Computer.cpp(133,47): error C2678: 이항 '->': 왼쪽 피연산자로 'std::_List_iterator<std::_List_val<conditional<std::_Is_simple_alloc_v<allocator_traits<_Alloc>::rebind_alloc<std::_List_node<_Ty,allocator_traits<_Alloc>::void_pointer>>>,std::_List_simple_types<_Ty>,std::_List_iter_types<_Ty,allocator_traits<allocator_traits<_Alloc>::rebind_alloc<_Ty>>::size_type,allocator_traits<allocator_traits<_Alloc>::rebind_alloc<_Ty>>::difference_type,allocator_traits<allocator_traits<_Alloc>::rebind_alloc<_Ty>>::pointer,allocator_traits<allocator_traits<_Alloc>::rebind_alloc<_Ty>>::const_pointer,_Ty&,const _Ty&,allocator_traits<allocator_traits<_Alloc>::rebind_alloc<std::_List_node<_Ty,allocator_traits<_Alloc>::void_pointer>>>::pointer>>::type>>' 형식을 사용하는 연산자가 없거나 허용되는 변환이 없습니다.
C:\Program Files (x86)\Microsoft Visual Studio\2019\Community\VC\Tools\MSVC\14.27.29110\include\list(242,24): message : '_Mylist::pointer std::_List_iterator<_Mylist>::operator ->(void) const'일 수 있습니다.
C:\Users\syys9\Desktop\Project10\Project10\Computer.cpp(133,47): message : 인수 목록 '(std::_List_iterator<std::_List_val<conditional<std::_Is_simple_alloc_v<allocator_traits<_Alloc>::rebind_alloc<std::_List_node<_Ty,allocator_traits<_Alloc>::void_pointer>>>,std::_List_simple_types<_Ty>,std::_List_iter_types<_Ty,allocator_traits<allocator_traits<_Alloc>::rebind_alloc<_Ty>>::size_type,allocator_traits<allocator_traits<_Alloc>::rebind_alloc<_Ty>>::difference_type,allocator_traits<allocator_traits<_Alloc>::rebind_alloc<_Ty>>::pointer,allocator_traits<allocator_traits<_Alloc>::rebind_alloc<_Ty>>::const_pointer,_Ty&,const _Ty&,allocator_traits<allocator_traits<_Alloc>::rebind_alloc<std::_List_node<_Ty,allocator_traits<_Alloc>::void_pointer>>>::pointer>>::type>>)'을(를) 일치시키는 동안
C:\Users\syys9\Desktop\Project10\Project10\Computer.cpp(135,11): error C2065: 'tmp': 선언되지 않은 식별자입니다.
C:\Users\syys9\Desktop\Project10\Project10\Computer.cpp(136,22): error C2678: 이항 '->': 왼쪽 피연산자로 'std::_List_iterator<std::_List_val<conditional<std::_Is_simple_alloc_v<allocator_traits<_Alloc>::rebind_alloc<std::_List_node<_Ty,allocator_traits<_Alloc>::void_pointer>>>,std::_List_simple_types<_Ty>,std::_List_iter_types<_Ty,allocator_traits<allocator_traits<_Alloc>::rebind_alloc<_Ty>>::size_type,allocator_traits<allocator_traits<_Alloc>::rebind_alloc<_Ty>>::difference_type,allocator_traits<allocator_traits<_Alloc>::rebind_alloc<_Ty>>::pointer,allocator_traits<allocator_traits<_Alloc>::rebind_alloc<_Ty>>::const_pointer,_Ty&,const _Ty&,allocator_traits<allocator_traits<_Alloc>::rebind_alloc<std::_List_node<_Ty,allocator_traits<_Alloc>::void_pointer>>>::pointer>>::type>>' 형식을 사용하는 연산자가 없거나 허용되는 변환이 없습니다.
C:\Program Files (x86)\Microsoft Visual Studio\2019\Community\VC\Tools\MSVC\14.27.29110\include\list(242,24): message : '_Mylist::pointer std::_List_iterator<_Mylist>::operator ->(void) const'일 수 있습니다.
C:\Users\syys9\Desktop\Project10\Project10\Computer.cpp(136,22): message : 인수 목록 '(std::_List_iterator<std::_List_val<conditional<std::_Is_simple_alloc_v<allocator_traits<_Alloc>::rebind_alloc<std::_List_node<_Ty,allocator_traits<_Alloc>::void_pointer>>>,std::_List_simple_types<_Ty>,std::_List_iter_types<_Ty,allocator_traits<allocator_traits<_Alloc>::rebind_alloc<_Ty>>::size_type,allocator_traits<allocator_traits<_Alloc>::rebind_alloc<_Ty>>::difference_type,allocator_traits<allocator_traits<_Alloc>::rebind_alloc<_Ty>>::pointer,allocator_traits<allocator_traits<_Alloc>::rebind_alloc<_Ty>>::const_pointer,_Ty&,const _Ty&,allocator_traits<allocator_traits<_Alloc>::rebind_alloc<std::_List_node<_Ty,allocator_traits<_Alloc>::void_pointer>>>::pointer>>::type>>)'을(를) 일치시키는 동안
C:\Users\syys9\Desktop\Project10\Project10\Computer.cpp(136,46): error C2065: 'tmp': 선언되지 않은 식별자입니다.
C:\Users\syys9\Desktop\Project10\Project10\Computer.cpp(137,8): error C2678: 이항 '->': 왼쪽 피연산자로 'std::_List_iterator<std::_List_val<conditional<std::_Is_simple_alloc_v<allocator_traits<_Alloc>::rebind_alloc<std::_List_node<_Ty,allocator_traits<_Alloc>::void_pointer>>>,std::_List_simple_types<_Ty>,std::_List_iter_types<_Ty,allocator_traits<allocator_traits<_Alloc>::rebind_alloc<_Ty>>::size_type,allocator_traits<allocator_traits<_Alloc>::rebind_alloc<_Ty>>::difference_type,allocator_traits<allocator_traits<_Alloc>::rebind_alloc<_Ty>>::pointer,allocator_traits<allocator_traits<_Alloc>::rebind_alloc<_Ty>>::const_pointer,_Ty&,const _Ty&,allocator_traits<allocator_traits<_Alloc>::rebind_alloc<std::_List_node<_Ty,allocator_traits<_Alloc>::void_pointer>>>::pointer>>::type>>' 형식을 사용하는 연산자가 없거나 허용되는 변환이 없습니다.
C:\Program Files (x86)\Microsoft Visual Studio\2019\Community\VC\Tools\MSVC\14.27.29110\include\list(242,24): message : '_Mylist::pointer std::_List_iterator<_Mylist>::operator ->(void) const'일 수 있습니다.
C:\Users\syys9\Desktop\Project10\Project10\Computer.cpp(137,8): message : 인수 목록 '(std::_List_iterator<std::_List_val<conditional<std::_Is_simple_alloc_v<allocator_traits<_Alloc>::rebind_alloc<std::_List_node<_Ty,allocator_traits<_Alloc>::void_pointer>>>,std::_List_simple_types<_Ty>,std::_List_iter_types<_Ty,allocator_traits<allocator_traits<_Alloc>::rebind_alloc<_Ty>>::size_type,allocator_traits<allocator_traits<_Alloc>::rebind_alloc<_Ty>>::difference_type,allocator_traits<allocator_traits<_Alloc>::rebind_alloc<_Ty>>::pointer,allocator_traits<allocator_traits<_Alloc>::rebind_alloc<_Ty>>::const_pointer,_Ty&,const _Ty&,allocator_traits<allocator_traits<_Alloc>::rebind_alloc<std::_List_node<_Ty,allocator_traits<_Alloc>::void_pointer>>>::pointer>>::type>>)'을(를) 일치시키는 동안
C:\Users\syys9\Desktop\Project10\Project10\Computer.cpp(137,21): error C2065: 'tmp': 선언되지 않은 식별자입니다.
  Login.cpp
C:\Users\syys9\Desktop\Project10\Project10\Computer.h(23,17): error C2065: 'member': 선언되지 않은 식별자입니다.
C:\Users\syys9\Desktop\Project10\Project10\Computer.h(23,12): error C2923: 'std::list': 'member'은(는) '_Ty' 매개 변수에 대한 올바른 템플릿 형식 인수가 아닙니다.
C:\Users\syys9\Desktop\Project10\Project10\Computer.h(23,12): error C2976: 'std::list': 템플릿 인수가 너무 적습니다.
C:\Program Files (x86)\Microsoft Visual Studio\2019\Community\VC\Tools\MSVC\14.27.29110\include\list(759): message : 'std::list' 선언을 참조하십시오.
C:\Users\syys9\Desktop\Project10\Project10\Computer.h(23,26): error C2955: 'std::list': 클래스 템플릿을(를) 사용하려면 템플릿 인수 목록이 필요합니다.
C:\Program Files (x86)\Microsoft Visual Studio\2019\Community\VC\Tools\MSVC\14.27.29110\include\list(759): message : 'std::list' 선언을 참조하십시오.
C:\Users\syys9\Desktop\Project10\Project10\Computer.h(26,17): error C2065: 'member': 선언되지 않은 식별자입니다.
C:\Users\syys9\Desktop\Project10\Project10\Computer.h(26,12): error C2923: 'std::list': 'member'은(는) '_Ty' 매개 변수에 대한 올바른 템플릿 형식 인수가 아닙니다.
C:\Users\syys9\Desktop\Project10\Project10\Computer.h(26,12): error C2976: 'std::list': 템플릿 인수가 너무 적습니다.
C:\Program Files (x86)\Microsoft Visual Studio\2019\Community\VC\Tools\MSVC\14.27.29110\include\list(759): message : 'std::list' 선언을 참조하십시오.
C:\Users\syys9\Desktop\Project10\Project10\Computer.h(26,26): error C2955: 'std::list': 클래스 템플릿을(를) 사용하려면 템플릿 인수 목록이 필요합니다.
C:\Program Files (x86)\Microsoft Visual Studio\2019\Community\VC\Tools\MSVC\14.27.29110\include\list(759): message : 'std::list' 선언을 참조하십시오.
C:\Users\syys9\Desktop\Project10\Project10\Computer.h(27,24): error C2065: 'member': 선언되지 않은 식별자입니다.
C:\Users\syys9\Desktop\Project10\Project10\Computer.h(27,19): error C2923: 'std::list': 'member'은(는) '_Ty' 매개 변수에 대한 올바른 템플릿 형식 인수가 아닙니다.
C:\Users\syys9\Desktop\Project10\Project10\Computer.h(27,19): error C2976: 'std::list': 템플릿 인수가 너무 적습니다.
C:\Program Files (x86)\Microsoft Visual Studio\2019\Community\VC\Tools\MSVC\14.27.29110\include\list(759): message : 'std::list' 선언을 참조하십시오.
C:\Users\syys9\Desktop\Project10\Project10\Computer.h(27,33): error C2955: 'std::list': 클래스 템플릿을(를) 사용하려면 템플릿 인수 목록이 필요합니다.
C:\Program Files (x86)\Microsoft Visual Studio\2019\Community\VC\Tools\MSVC\14.27.29110\include\list(759): message : 'std::list' 선언을 참조하십시오.
C:\Users\syys9\Desktop\Project10\Project10\Login.cpp(138,6): error C2670: 'Computer::Menu': 함수 템플릿이 1번째 매개 변수를 'std::_List_iterator<std::_List_val<std::_List_simple_types<_Ty>>>' 형식으로부터 변환할 수 없습니다.
          with
          [
              _Ty=member
          ]
  소스.cpp
C:\Users\syys9\Desktop\Project10\Project10\Computer.h(23,17): error C2065: 'member': 선언되지 않은 식별자입니다.
C:\Users\syys9\Desktop\Project10\Project10\Computer.h(23,12): error C2923: 'std::list': 'member'은(는) '_Ty' 매개 변수에 대한 올바른 템플릿 형식 인수가 아닙니다.
C:\Users\syys9\Desktop\Project10\Project10\Computer.h(23,12): error C2976: 'std::list': 템플릿 인수가 너무 적습니다.
C:\Program Files (x86)\Microsoft Visual Studio\2019\Community\VC\Tools\MSVC\14.27.29110\include\list(759): message : 'std::list' 선언을 참조하십시오.
C:\Users\syys9\Desktop\Project10\Project10\Computer.h(23,26): error C2955: 'std::list': 클래스 템플릿을(를) 사용하려면 템플릿 인수 목록이 필요합니다.
C:\Program Files (x86)\Microsoft Visual Studio\2019\Community\VC\Tools\MSVC\14.27.29110\include\list(759): message : 'std::list' 선언을 참조하십시오.
C:\Users\syys9\Desktop\Project10\Project10\Computer.h(26,17): error C2065: 'member': 선언되지 않은 식별자입니다.
C:\Users\syys9\Desktop\Project10\Project10\Computer.h(26,12): error C2923: 'std::list': 'member'은(는) '_Ty' 매개 변수에 대한 올바른 템플릿 형식 인수가 아닙니다.
C:\Users\syys9\Desktop\Project10\Project10\Computer.h(26,12): error C2976: 'std::list': 템플릿 인수가 너무 적습니다.
C:\Program Files (x86)\Microsoft Visual Studio\2019\Community\VC\Tools\MSVC\14.27.29110\include\list(759): message : 'std::list' 선언을 참조하십시오.
C:\Users\syys9\Desktop\Project10\Project10\Computer.h(26,26): error C2955: 'std::list': 클래스 템플릿을(를) 사용하려면 템플릿 인수 목록이 필요합니다.
C:\Program Files (x86)\Microsoft Visual Studio\2019\Community\VC\Tools\MSVC\14.27.29110\include\list(759): message : 'std::list' 선언을 참조하십시오.
C:\Users\syys9\Desktop\Project10\Project10\Computer.h(27,24): error C2065: 'member': 선언되지 않은 식별자입니다.
C:\Users\syys9\Desktop\Project10\Project10\Computer.h(27,19): error C2923: 'std::list': 'member'은(는) '_Ty' 매개 변수에 대한 올바른 템플릿 형식 인수가 아닙니다.
C:\Users\syys9\Desktop\Project10\Project10\Computer.h(27,19): error C2976: 'std::list': 템플릿 인수가 너무 적습니다.
C:\Program Files (x86)\Microsoft Visual Studio\2019\Community\VC\Tools\MSVC\14.27.29110\include\list(759): message : 'std::list' 선언을 참조하십시오.
C:\Users\syys9\Desktop\Project10\Project10\Computer.h(27,33): error C2955: 'std::list': 클래스 템플릿을(를) 사용하려면 템플릿 인수 목록이 필요합니다.
C:\Program Files (x86)\Microsoft Visual Studio\2019\Community\VC\Tools\MSVC\14.27.29110\include\list(759): message : 'std::list' 선언을 참조하십시오.
C:\Users\syys9\Desktop\Project10\Project10\소스.cpp(4,1): warning C4326: 'main'의 반환 형식이 'int'이어야 하는데 'void'입니다.
  코드를 생성하고 있습니다...
